[2016-06-12 12:31:09] production.ERROR: exception 'InvalidArgumentException' with message 'View [frontend.signIn] not found.' in C:\Users\Mario\Desktop\Dental_Centar_CRM\vendor\laravel\framework\src\Illuminate\View\FileViewFinder.php:146
Stack trace:
#0 C:\Users\Mario\Desktop\Dental_Centar_CRM\vendor\laravel\framework\src\Illuminate\View\FileViewFinder.php(83): Illuminate\View\FileViewFinder->findInPaths('frontend.signIn', Array)
#1 C:\Users\Mario\Desktop\Dental_Centar_CRM\vendor\laravel\framework\src\Illuminate\View\Factory.php(124): Illuminate\View\FileViewFinder->find('frontend.signIn')
#2 C:\Users\Mario\Desktop\Dental_Centar_CRM\vendor\laravel\framework\src\Illuminate\Support\Facades\Facade.php(208): Illuminate\View\Factory->make('frontend.signIn')
#3 C:\Users\Mario\Desktop\Dental_Centar_CRM\app\controllers\core\FrontendController.php(182): Illuminate\Support\Facades\Facade::__callStatic('make', Array)
#4 C:\Users\Mario\Desktop\Dental_Centar_CRM\app\controllers\core\FrontendController.php(182): Illuminate\Support\Facades\View::make('frontend.signIn')
#5 [internal function]: FrontendController->getSignIn()
#6 C:\Users\Mario\Desktop\Dental_Centar_CRM\vendor\laravel\framework\src\Illuminate\Routing\Controller.php(231): call_user_func_array(Array, Array)
#7 C:\Users\Mario\Desktop\Dental_Centar_CRM\vendor\laravel\framework\src\Illuminate\Routing\ControllerDispatcher.php(93): Illuminate\Routing\Controller->callAction('getSignIn', Array)
#8 C:\Users\Mario\Desktop\Dental_Centar_CRM\vendor\laravel\framework\src\Illuminate\Routing\ControllerDispatcher.php(62): Illuminate\Routing\ControllerDispatcher->call(Object(FrontendController), Object(Illuminate\Routing\Route), 'getSignIn')
#9 C:\Users\Mario\Desktop\Dental_Centar_CRM\vendor\laravel\framework\src\Illuminate\Routing\Router.php(967): Illuminate\Routing\ControllerDispatcher->dispatch(Object(Illuminate\Routing\Route), Object(Illuminate\Http\Request), 'FrontendControl...', 'getSignIn')
#10 [internal function]: Illuminate\Routing\Router->Illuminate\Routing\{closure}()
#11 C:\Users\Mario\Desktop\Dental_Centar_CRM\vendor\laravel\framework\src\Illuminate\Routing\Route.php(109): call_user_func_array(Object(Closure), Array)
#12 C:\Users\Mario\Desktop\Dental_Centar_CRM\vendor\laravel\framework\src\Illuminate\Routing\Router.php(1033): Illuminate\Routing\Route->run(Object(Illuminate\Http\Request))
#13 C:\Users\Mario\Desktop\Dental_Centar_CRM\vendor\laravel\framework\src\Illuminate\Routing\Router.php(1001): Illuminate\Routing\Router->dispatchToRoute(Object(Illuminate\Http\Request))
#14 C:\Users\Mario\Desktop\Dental_Centar_CRM\vendor\laravel\framework\src\Illuminate\Foundation\Application.php(775): Illuminate\Routing\Router->dispatch(Object(Illuminate\Http\Request))
#15 C:\Users\Mario\Desktop\Dental_Centar_CRM\vendor\laravel\framework\src\Illuminate\Foundation\Application.php(745): Illuminate\Foundation\Application->dispatch(Object(Illuminate\Http\Request))
#16 C:\Users\Mario\Desktop\Dental_Centar_CRM\vendor\barryvdh\laravel-debugbar\src\Middleware\Stack.php(34): Illuminate\Foundation\Application->handle(Object(Illuminate\Http\Request), 1, true)
#17 C:\Users\Mario\Desktop\Dental_Centar_CRM\vendor\laravel\framework\src\Illuminate\Session\Middleware.php(72): Barryvdh\Debugbar\Middleware\Stack->handle(Object(Illuminate\Http\Request), 1, true)
#18 C:\Users\Mario\Desktop\Dental_Centar_CRM\vendor\laravel\framework\src\Illuminate\Cookie\Queue.php(47): Illuminate\Session\Middleware->handle(Object(Illuminate\Http\Request), 1, true)
#19 C:\Users\Mario\Desktop\Dental_Centar_CRM\vendor\laravel\framework\src\Illuminate\Cookie\Guard.php(51): Illuminate\Cookie\Queue->handle(Object(Illuminate\Http\Request), 1, true)
#20 C:\Users\Mario\Desktop\Dental_Centar_CRM\vendor\stack\builder\src\Stack\StackedHttpKernel.php(23): Illuminate\Cookie\Guard->handle(Object(Illuminate\Http\Request), 1, true)
#21 C:\Users\Mario\Desktop\Dental_Centar_CRM\vendor\laravel\framework\src\Illuminate\Foundation\Application.php(641): Stack\StackedHttpKernel->handle(Object(Illuminate\Http\Request))
#22 C:\Users\Mario\Desktop\Dental_Centar_CRM\public_html\index.php(49): Illuminate\Foundation\Application->run()
#23 C:\Users\Mario\Desktop\Dental_Centar_CRM\server.php(19): require_once('C:\\Users\\Mario\\...')
#24 {main} [] []
[2016-06-12 12:31:10] production.ERROR: exception 'Symfony\Component\HttpKernel\Exception\NotFoundHttpException' in C:\Users\Mario\Desktop\Dental_Centar_CRM\vendor\laravel\framework\src\Illuminate\Routing\RouteCollection.php:148
Stack trace:
#0 C:\Users\Mario\Desktop\Dental_Centar_CRM\vendor\laravel\framework\src\Illuminate\Routing\Router.php(1054): Illuminate\Routing\RouteCollection->match(Object(Illuminate\Http\Request))
#1 C:\Users\Mario\Desktop\Dental_Centar_CRM\vendor\laravel\framework\src\Illuminate\Routing\Router.php(1022): Illuminate\Routing\Router->findRoute(Object(Illuminate\Http\Request))
#2 C:\Users\Mario\Desktop\Dental_Centar_CRM\vendor\laravel\framework\src\Illuminate\Routing\Router.php(1001): Illuminate\Routing\Router->dispatchToRoute(Object(Illuminate\Http\Request))
#3 C:\Users\Mario\Desktop\Dental_Centar_CRM\vendor\laravel\framework\src\Illuminate\Foundation\Application.php(775): Illuminate\Routing\Router->dispatch(Object(Illuminate\Http\Request))
#4 C:\Users\Mario\Desktop\Dental_Centar_CRM\vendor\laravel\framework\src\Illuminate\Foundation\Application.php(745): Illuminate\Foundation\Application->dispatch(Object(Illuminate\Http\Request))
#5 C:\Users\Mario\Desktop\Dental_Centar_CRM\vendor\barryvdh\laravel-debugbar\src\Middleware\Stack.php(34): Illuminate\Foundation\Application->handle(Object(Illuminate\Http\Request), 1, true)
#6 C:\Users\Mario\Desktop\Dental_Centar_CRM\vendor\laravel\framework\src\Illuminate\Session\Middleware.php(72): Barryvdh\Debugbar\Middleware\Stack->handle(Object(Illuminate\Http\Request), 1, true)
#7 C:\Users\Mario\Desktop\Dental_Centar_CRM\vendor\laravel\framework\src\Illuminate\Cookie\Queue.php(47): Illuminate\Session\Middleware->handle(Object(Illuminate\Http\Request), 1, true)
#8 C:\Users\Mario\Desktop\Dental_Centar_CRM\vendor\laravel\framework\src\Illuminate\Cookie\Guard.php(51): Illuminate\Cookie\Queue->handle(Object(Illuminate\Http\Request), 1, true)
#9 C:\Users\Mario\Desktop\Dental_Centar_CRM\vendor\stack\builder\src\Stack\StackedHttpKernel.php(23): Illuminate\Cookie\Guard->handle(Object(Illuminate\Http\Request), 1, true)
#10 C:\Users\Mario\Desktop\Dental_Centar_CRM\vendor\laravel\framework\src\Illuminate\Foundation\Application.php(641): Stack\StackedHttpKernel->handle(Object(Illuminate\Http\Request))
#11 C:\Users\Mario\Desktop\Dental_Centar_CRM\public_html\index.php(49): Illuminate\Foundation\Application->run()
#12 C:\Users\Mario\Desktop\Dental_Centar_CRM\server.php(19): require_once('C:\\Users\\Mario\\...')
#13 {main} [] []
